<?xml version="1.0" encoding="UTF-8"?>
<!-- Generated by org.testng.reporters.JUnitReportReporter -->
<testsuite skipped="0" hostname="Kawsars-MBP" name="regressionSuite.TestHomepage" tests="1" failures="0" timestamp="24 May 2019 18:22:09 GMT" time="9.051" errors="0">
  <testcase name="clickLanguagePage" time="9.051" classname="regressionSuite.TestHomepage"/>
</testsuite> <!-- regressionSuite.TestHomepage -->
